2018-06-28T22:22:41+00:00 CRITICAL Class 'PHPExcel_Style_Protection' not found

2018-06-28T23:07:58+00:00 CRITICAL Class 'KiotViet_SyncShoppe_List' not found

2018-06-29T10:06:42+00:00 CRITICAL Maximum execution time of 30 seconds exceeded

2018-06-29T17:39:05+07:00 CRITICAL Call to a member function is_type() on boolean

2018-06-29T17:43:43+07:00 CRITICAL Call to a member function is_type() on boolean

2018-06-29T17:56:48+07:00 CRITICAL Call to a member function is_type() on boolean

2018-06-30T07:26:30+07:00 CRITICAL Call to a member function setValue() on null

2018-06-30T22:32:00+07:00 CRITICAL Uncaught exception 'PhpOffice\PhpSpreadsheet\Writer\Exception' with message 'Could not close zip file C:\xampp\htdocs\vuagym/wp-content/uploads/shoppe/items_2018_06_27_auto_exported.xlsx.' in C:\xampp\htdocs\vuagym\wp-content\plugins\ka-pos\includes\PHPExcel\phpoffice\phpspreadsheet\src\PhpSpreadsheet\Writer\Xlsx.php:375
Stack trace:
#0 C:\xampp\htdocs\vuagym\wp-content\plugins\ka-pos\ka-pos.php(981): PhpOffice\PhpSpreadsheet\Writer\Xlsx->save('C:\\xampp\\htdocs...')
#1 [internal function]: function_mypos_sync_page('')
#2 C:\xampp\htdocs\vuagym\wp-includes\class-wp-hook.php(286): call_user_func_array('function_mypos_...', Array)
#3 C:\xampp\htdocs\vuagym\wp-includes\class-wp-hook.php(310): WP_Hook->apply_filters('', Array)
#4 C:\xampp\htdocs\vuagym\wp-includes\plugin.php(453): WP_Hook->do_action(Array)
#5 C:\xampp\htdocs\vuagym\wp-admin\admin.php(224): do_action('ka-pos_page_myp...')
#6 {main}
  thrown

2018-06-30T16:10:45+00:00 CRITICAL Uncaught exception 'InvalidArgumentException' with message 'File "C:\xampp\htdocs\vuagym/wp-content/uploads/shoppe/items_2018_06_27.xlsx" does not exist.' in C:\xampp\htdocs\vuagym\wp-content\plugins\ka-pos\includes\PHPExcel\phpoffice\phpspreadsheet\src\PhpSpreadsheet\Shared\File.php:137
Stack trace:
#0 C:\xampp\htdocs\vuagym\wp-content\plugins\ka-pos\includes\PHPExcel\phpoffice\phpspreadsheet\src\PhpSpreadsheet\Reader\Xlsx.php(330): PhpOffice\PhpSpreadsheet\Shared\File::assertFile('C:\\xampp\\htdocs...')
#1 C:\xampp\htdocs\vuagym\wp-content\plugins\ka-pos\ka-pos.php(1048): PhpOffice\PhpSpreadsheet\Reader\Xlsx->load('C:\\xampp\\htdocs...')
#2 C:\xampp\htdocs\vuagym\wp-content\plugins\ka-pos\ka-pos.php(848): read_xlsx_and_get_shoppe_list('C:\\xampp\\htdocs...', NULL, '')
#3 [internal function]: function_mypos_sync_page('')
#4 C:\xampp\htdocs\vuagym\wp-includes\class-wp-hook.php(286): call_user_func_array('function_mypos_...', Array)
#5 C:\xampp\htdocs\vuagym\wp-includes\class-wp-hook.php(310): WP_Hook->apply_f

2018-06-30T17:02:35+00:00 CRITICAL Uncaught exception 'InvalidArgumentException' with message 'File "C:\xampp\htdocs\vuagym/wp-content/uploads/shoppe/items_2018_06_27_exported.xlsx" does not exist.' in C:\xampp\htdocs\vuagym\wp-content\plugins\ka-pos\includes\PHPExcel\phpoffice\phpspreadsheet\src\PhpSpreadsheet\Shared\File.php:137
Stack trace:
#0 C:\xampp\htdocs\vuagym\wp-content\plugins\ka-pos\includes\PHPExcel\phpoffice\phpspreadsheet\src\PhpSpreadsheet\Reader\Xlsx.php(330): PhpOffice\PhpSpreadsheet\Shared\File::assertFile('C:\\xampp\\htdocs...')
#1 C:\xampp\htdocs\vuagym\wp-content\plugins\ka-pos\ka-pos.php(1007): PhpOffice\PhpSpreadsheet\Reader\Xlsx->load('C:\\xampp\\htdocs...')
#2 [internal function]: function_mypos_sync_page('')
#3 C:\xampp\htdocs\vuagym\wp-includes\class-wp-hook.php(286): call_user_func_array('function_mypos_...', Array)
#4 C:\xampp\htdocs\vuagym\wp-includes\class-wp-hook.php(310): WP_Hook->apply_filters('', Array)
#5 C:\xampp\htdocs\vuagym\wp-includes\plugin.php(453): WP_Hook->do_action(Array)
#6 C:\xampp\htdocs\vuagym

2018-06-30T17:03:06+00:00 CRITICAL Uncaught exception 'InvalidArgumentException' with message 'File "C:\xampp\htdocs\vuagym/wp-content/uploads/shoppe/items_2018_06_27_exported.xlsx" does not exist.' in C:\xampp\htdocs\vuagym\wp-content\plugins\ka-pos\includes\PHPExcel\phpoffice\phpspreadsheet\src\PhpSpreadsheet\Shared\File.php:137
Stack trace:
#0 C:\xampp\htdocs\vuagym\wp-content\plugins\ka-pos\includes\PHPExcel\phpoffice\phpspreadsheet\src\PhpSpreadsheet\Reader\Xlsx.php(330): PhpOffice\PhpSpreadsheet\Shared\File::assertFile('C:\\xampp\\htdocs...')
#1 C:\xampp\htdocs\vuagym\wp-content\plugins\ka-pos\ka-pos.php(1008): PhpOffice\PhpSpreadsheet\Reader\Xlsx->load('C:\\xampp\\htdocs...')
#2 [internal function]: function_mypos_sync_page('')
#3 C:\xampp\htdocs\vuagym\wp-includes\class-wp-hook.php(286): call_user_func_array('function_mypos_...', Array)
#4 C:\xampp\htdocs\vuagym\wp-includes\class-wp-hook.php(310): WP_Hook->apply_filters('', Array)
#5 C:\xampp\htdocs\vuagym\wp-includes\plugin.php(453): WP_Hook->do_action(Array)
#6 C:\xampp\htdocs\vuagym

